<?xml version="1.0" encoding="UTF-8"?>
<!-- Generated by org.testng.reporters.JUnitXMLReporter -->
<testsuite ignored="0" hostname="Srivathsan" failures="1" tests="1" name="Login Test" time="14.871" errors="0" timestamp="2025-03-02T23:04:18 IST">
  <testcase classname="tests.HomePageTest" name="loginTest" time="3.708">
    <failure type="java.lang.AssertionError" message="Login failed, page title mismatch! expected [Dashboard] but found [Parcel Shipment Rate Calculator | Pos Malaysia]">
      <![CDATA[java.lang.AssertionError: Login failed, page title mismatch! expected [Dashboard] but found [Parcel Shipment Rate Calculator | Pos Malaysia]
at tests.HomePageTest.loginTest(HomePageTest.java:29)
at java.base/java.util.ArrayList.forEach(ArrayList.java:1596)
... Removed 30 stack frames]]>
    </failure>
  </testcase> <!-- loginTest -->
</testsuite> <!-- Login Test -->
